Running model: MIAGAE with shape: 13,13,13, depth: 3, compression rate: 0.34, learning rate: 0.001
Running model: MIAGAE with shape: 13,13,13, depth: 3, compression rate: 0.34, learning rate: 0.0001
Running model: MIAGAE with shape: 13,13,13, depth: 3, compression rate: 0.34, learning rate: 0.01
Running model: MIAGAE with shape: 13,13,13, depth: 3, compression rate: 0.35, learning rate: 0.001
Running model: MIAGAE with shape: 13,13,13, depth: 3, compression rate: 0.35, learning rate: 0.0001
Running model: MIAGAE with shape: 13,13,13, depth: 3, compression rate: 0.35, learning rate: 0.01
Running model: MIAGAE with shape: 13,13,13, depth: 3, compression rate: 0.36, learning rate: 0.001
Running model: MIAGAE with shape: 13,13,13, depth: 3, compression rate: 0.36, learning rate: 0.0001
Running model: MIAGAE with shape: 13,13,13, depth: 3, compression rate: 0.36, learning rate: 0.01
Running model: MIAGAE with shape: 13,6,3, depth: 3, compression rate: 0.34, learning rate: 0.001
Running model: MIAGAE with shape: 13,6,3, depth: 3, compression rate: 0.34, learning rate: 0.0001
Running model: MIAGAE with shape: 13,6,3, depth: 3, compression rate: 0.34, learning rate: 0.01
Running model: MIAGAE with shape: 13,6,3, depth: 3, compression rate: 0.35, learning rate: 0.001
Running model: MIAGAE with shape: 13,6,3, depth: 3, compression rate: 0.35, learning rate: 0.0001
Running model: MIAGAE with shape: 13,6,3, depth: 3, compression rate: 0.35, learning rate: 0.01
Running model: MIAGAE with shape: 13,6,3, depth: 3, compression rate: 0.36, learning rate: 0.001
Running model: MIAGAE with shape: 13,6,3, depth: 3, compression rate: 0.36, learning rate: 0.0001
Running model: MIAGAE with shape: 13,6,3, depth: 3, compression rate: 0.36, learning rate: 0.01
Running model: MIAGAE with shape: 16,8,3,, depth: 3, compression rate: 0.34, learning rate: 0.001
Running model: MIAGAE with shape: 16,8,3,, depth: 3, compression rate: 0.34, learning rate: 0.0001
Running model: MIAGAE with shape: 16,8,3,, depth: 3, compression rate: 0.34, learning rate: 0.01
Running model: MIAGAE with shape: 16,8,3,, depth: 3, compression rate: 0.35, learning rate: 0.001
Running model: MIAGAE with shape: 16,8,3,, depth: 3, compression rate: 0.35, learning rate: 0.0001
Running model: MIAGAE with shape: 16,8,3,, depth: 3, compression rate: 0.35, learning rate: 0.01
Running model: MIAGAE with shape: 16,8,3,, depth: 3, compression rate: 0.36, learning rate: 0.001
Running model: MIAGAE with shape: 16,8,3,, depth: 3, compression rate: 0.36, learning rate: 0.0001
Running model: MIAGAE with shape: 16,8,3,, depth: 3, compression rate: 0.36, learning rate: 0.01
Running model: MIAGAE with shape: 32,8,3,, depth: 3, compression rate: 0.34, learning rate: 0.001
Running model: MIAGAE with shape: 32,8,3,, depth: 3, compression rate: 0.34, learning rate: 0.0001
Running model: MIAGAE with shape: 32,8,3,, depth: 3, compression rate: 0.34, learning rate: 0.01
Running model: MIAGAE with shape: 32,8,3,, depth: 3, compression rate: 0.35, learning rate: 0.001
Running model: MIAGAE with shape: 32,8,3,, depth: 3, compression rate: 0.35, learning rate: 0.0001
Running model: MIAGAE with shape: 32,8,3,, depth: 3, compression rate: 0.35, learning rate: 0.01
Running model: MIAGAE with shape: 32,8,3,, depth: 3, compression rate: 0.36, learning rate: 0.001
Running model: MIAGAE with shape: 32,8,3,, depth: 3, compression rate: 0.36, learning rate: 0.0001
Running model: MIAGAE with shape: 32,8,3,, depth: 3, compression rate: 0.36, learning rate: 0.01
Running model: MIAGAE with shape: 64, 16, 3, depth: 3, compression rate: 0.34, learning rate: 0.001
Running model: MIAGAE with shape: 64, 16, 3, depth: 3, compression rate: 0.34, learning rate: 0.0001
Running model: MIAGAE with shape: 64, 16, 3, depth: 3, compression rate: 0.34, learning rate: 0.01
Running model: MIAGAE with shape: 64, 16, 3, depth: 3, compression rate: 0.35, learning rate: 0.001
Running model: MIAGAE with shape: 64, 16, 3, depth: 3, compression rate: 0.35, learning rate: 0.0001
Running model: MIAGAE with shape: 64, 16, 3, depth: 3, compression rate: 0.35, learning rate: 0.01
Running model: MIAGAE with shape: 64, 16, 3, depth: 3, compression rate: 0.36, learning rate: 0.001
Running model: MIAGAE with shape: 64, 16, 3, depth: 3, compression rate: 0.36, learning rate: 0.0001
Running model: MIAGAE with shape: 64, 16, 3, depth: 3, compression rate: 0.36, learning rate: 0.01
Running model: SAGpool with shape: 13,13,13, depth: 3, compression rate: 0.34, learning rate: 0.001
Running model: SAGpool with shape: 13,13,13, depth: 3, compression rate: 0.34, learning rate: 0.0001
Running model: SAGpool with shape: 13,13,13, depth: 3, compression rate: 0.34, learning rate: 0.01
Running model: SAGpool with shape: 13,13,13, depth: 3, compression rate: 0.35, learning rate: 0.001
Running model: SAGpool with shape: 13,13,13, depth: 3, compression rate: 0.35, learning rate: 0.0001
Running model: SAGpool with shape: 13,13,13, depth: 3, compression rate: 0.35, learning rate: 0.01
Running model: SAGpool with shape: 13,13,13, depth: 3, compression rate: 0.36, learning rate: 0.001
Running model: SAGpool with shape: 13,13,13, depth: 3, compression rate: 0.36, learning rate: 0.0001
Running model: SAGpool with shape: 13,13,13, depth: 3, compression rate: 0.36, learning rate: 0.01
Running model: SAGpool with shape: 13,6,3, depth: 3, compression rate: 0.34, learning rate: 0.001
Running model: SAGpool with shape: 13,6,3, depth: 3, compression rate: 0.34, learning rate: 0.0001
Running model: SAGpool with shape: 13,6,3, depth: 3, compression rate: 0.34, learning rate: 0.01
Running model: SAGpool with shape: 13,6,3, depth: 3, compression rate: 0.35, learning rate: 0.001
Running model: SAGpool with shape: 13,6,3, depth: 3, compression rate: 0.35, learning rate: 0.0001
Running model: SAGpool with shape: 13,6,3, depth: 3, compression rate: 0.35, learning rate: 0.01
Running model: SAGpool with shape: 13,6,3, depth: 3, compression rate: 0.36, learning rate: 0.001
Running model: SAGpool with shape: 13,6,3, depth: 3, compression rate: 0.36, learning rate: 0.0001
Running model: SAGpool with shape: 13,6,3, depth: 3, compression rate: 0.36, learning rate: 0.01
Running model: SAGpool with shape: 16,8,3,, depth: 3, compression rate: 0.34, learning rate: 0.001
Running model: SAGpool with shape: 16,8,3,, depth: 3, compression rate: 0.34, learning rate: 0.0001
Running model: SAGpool with shape: 16,8,3,, depth: 3, compression rate: 0.34, learning rate: 0.01
Running model: SAGpool with shape: 16,8,3,, depth: 3, compression rate: 0.35, learning rate: 0.001
Running model: SAGpool with shape: 16,8,3,, depth: 3, compression rate: 0.35, learning rate: 0.0001
Running model: SAGpool with shape: 16,8,3,, depth: 3, compression rate: 0.35, learning rate: 0.01
Running model: SAGpool with shape: 16,8,3,, depth: 3, compression rate: 0.36, learning rate: 0.001
Running model: SAGpool with shape: 16,8,3,, depth: 3, compression rate: 0.36, learning rate: 0.0001
Running model: SAGpool with shape: 16,8,3,, depth: 3, compression rate: 0.36, learning rate: 0.01
Running model: SAGpool with shape: 32,8,3,, depth: 3, compression rate: 0.34, learning rate: 0.001
Running model: SAGpool with shape: 32,8,3,, depth: 3, compression rate: 0.34, learning rate: 0.0001
Running model: SAGpool with shape: 32,8,3,, depth: 3, compression rate: 0.34, learning rate: 0.01
Running model: SAGpool with shape: 32,8,3,, depth: 3, compression rate: 0.35, learning rate: 0.001
Running model: SAGpool with shape: 32,8,3,, depth: 3, compression rate: 0.35, learning rate: 0.0001
Running model: SAGpool with shape: 32,8,3,, depth: 3, compression rate: 0.35, learning rate: 0.01
Running model: SAGpool with shape: 32,8,3,, depth: 3, compression rate: 0.36, learning rate: 0.001
Running model: SAGpool with shape: 32,8,3,, depth: 3, compression rate: 0.36, learning rate: 0.0001
Running model: SAGpool with shape: 32,8,3,, depth: 3, compression rate: 0.36, learning rate: 0.01
Running model: SAGpool with shape: 64, 16, 3, depth: 3, compression rate: 0.34, learning rate: 0.001
Running model: SAGpool with shape: 64, 16, 3, depth: 3, compression rate: 0.34, learning rate: 0.0001
Running model: SAGpool with shape: 64, 16, 3, depth: 3, compression rate: 0.34, learning rate: 0.01
Running model: SAGpool with shape: 64, 16, 3, depth: 3, compression rate: 0.35, learning rate: 0.001
Running model: SAGpool with shape: 64, 16, 3, depth: 3, compression rate: 0.35, learning rate: 0.0001
Running model: SAGpool with shape: 64, 16, 3, depth: 3, compression rate: 0.35, learning rate: 0.01
Running model: SAGpool with shape: 64, 16, 3, depth: 3, compression rate: 0.36, learning rate: 0.001
Running model: SAGpool with shape: 64, 16, 3, depth: 3, compression rate: 0.36, learning rate: 0.0001
Running model: SAGpool with shape: 64, 16, 3, depth: 3, compression rate: 0.36, learning rate: 0.01
Running model: MIAGAE with shape: 16,8,3, depth: 3, compression rate: 0.34, learning rate: 0.001
Running model: MIAGAE with shape: 16,8,3, depth: 3, compression rate: 0.34, learning rate: 0.0001
Running model: MIAGAE with shape: 16,8,3, depth: 3, compression rate: 0.34, learning rate: 0.01
Running model: MIAGAE with shape: 16,8,3, depth: 3, compression rate: 0.35, learning rate: 0.001
Running model: MIAGAE with shape: 16,8,3, depth: 3, compression rate: 0.35, learning rate: 0.0001
Running model: MIAGAE with shape: 16,8,3, depth: 3, compression rate: 0.35, learning rate: 0.01
Running model: MIAGAE with shape: 16,8,3, depth: 3, compression rate: 0.36, learning rate: 0.001
Running model: MIAGAE with shape: 16,8,3, depth: 3, compression rate: 0.36, learning rate: 0.0001
Running model: MIAGAE with shape: 16,8,3, depth: 3, compression rate: 0.36, learning rate: 0.01
Running model: MIAGAE with shape: 32,8,3, depth: 3, compression rate: 0.34, learning rate: 0.001
Running model: MIAGAE with shape: 32,8,3, depth: 3, compression rate: 0.34, learning rate: 0.0001
Running model: MIAGAE with shape: 32,8,3, depth: 3, compression rate: 0.34, learning rate: 0.01
Running model: MIAGAE with shape: 32,8,3, depth: 3, compression rate: 0.35, learning rate: 0.001
Running model: MIAGAE with shape: 32,8,3, depth: 3, compression rate: 0.35, learning rate: 0.0001
Running model: MIAGAE with shape: 32,8,3, depth: 3, compression rate: 0.35, learning rate: 0.01
Running model: MIAGAE with shape: 32,8,3, depth: 3, compression rate: 0.36, learning rate: 0.001
Running model: MIAGAE with shape: 32,8,3, depth: 3, compression rate: 0.36, learning rate: 0.0001
Running model: MIAGAE with shape: 32,8,3, depth: 3, compression rate: 0.36, learning rate: 0.01
Running model: MIAGAE with shape: 64,16,3, depth: 3, compression rate: 0.34, learning rate: 0.001
Running model: MIAGAE with shape: 64,16,3, depth: 3, compression rate: 0.34, learning rate: 0.0001
Running model: MIAGAE with shape: 64,16,3, depth: 3, compression rate: 0.34, learning rate: 0.01
Running model: MIAGAE with shape: 64,16,3, depth: 3, compression rate: 0.35, learning rate: 0.001
Running model: MIAGAE with shape: 64,16,3, depth: 3, compression rate: 0.35, learning rate: 0.0001
Running model: MIAGAE with shape: 64,16,3, depth: 3, compression rate: 0.35, learning rate: 0.01
Running model: MIAGAE with shape: 64,16,3, depth: 3, compression rate: 0.36, learning rate: 0.001
Running model: MIAGAE with shape: 64,16,3, depth: 3, compression rate: 0.36, learning rate: 0.0001
Running model: MIAGAE with shape: 64,16,3, depth: 3, compression rate: 0.36, learning rate: 0.01
Running model: SAGpool with shape: 16,8,3, depth: 3, compression rate: 0.34, learning rate: 0.001
Running model: SAGpool with shape: 16,8,3, depth: 3, compression rate: 0.34, learning rate: 0.0001
Running model: SAGpool with shape: 16,8,3, depth: 3, compression rate: 0.34, learning rate: 0.01
Running model: SAGpool with shape: 16,8,3, depth: 3, compression rate: 0.35, learning rate: 0.001
Running model: SAGpool with shape: 16,8,3, depth: 3, compression rate: 0.35, learning rate: 0.0001
Running model: SAGpool with shape: 16,8,3, depth: 3, compression rate: 0.35, learning rate: 0.01
Running model: SAGpool with shape: 16,8,3, depth: 3, compression rate: 0.36, learning rate: 0.001
Running model: SAGpool with shape: 16,8,3, depth: 3, compression rate: 0.36, learning rate: 0.0001
Running model: SAGpool with shape: 16,8,3, depth: 3, compression rate: 0.36, learning rate: 0.01
Running model: SAGpool with shape: 32,8,3, depth: 3, compression rate: 0.34, learning rate: 0.001
Running model: SAGpool with shape: 32,8,3, depth: 3, compression rate: 0.34, learning rate: 0.0001
Running model: SAGpool with shape: 32,8,3, depth: 3, compression rate: 0.34, learning rate: 0.01
Running model: SAGpool with shape: 32,8,3, depth: 3, compression rate: 0.35, learning rate: 0.001
Running model: SAGpool with shape: 32,8,3, depth: 3, compression rate: 0.35, learning rate: 0.0001
Running model: SAGpool with shape: 32,8,3, depth: 3, compression rate: 0.35, learning rate: 0.01
Running model: SAGpool with shape: 32,8,3, depth: 3, compression rate: 0.36, learning rate: 0.001
Running model: SAGpool with shape: 32,8,3, depth: 3, compression rate: 0.36, learning rate: 0.0001
Running model: SAGpool with shape: 32,8,3, depth: 3, compression rate: 0.36, learning rate: 0.01
Running model: SAGpool with shape: 64,16,3, depth: 3, compression rate: 0.34, learning rate: 0.001
Running model: SAGpool with shape: 64,16,3, depth: 3, compression rate: 0.34, learning rate: 0.0001
Running model: SAGpool with shape: 64,16,3, depth: 3, compression rate: 0.34, learning rate: 0.01
Running model: SAGpool with shape: 64,16,3, depth: 3, compression rate: 0.35, learning rate: 0.001
Running model: SAGpool with shape: 64,16,3, depth: 3, compression rate: 0.35, learning rate: 0.0001
Running model: SAGpool with shape: 64,16,3, depth: 3, compression rate: 0.35, learning rate: 0.01
Running model: SAGpool with shape: 64,16,3, depth: 3, compression rate: 0.36, learning rate: 0.001
Running model: SAGpool with shape: 64,16,3, depth: 3, compression rate: 0.36, learning rate: 0.0001
Running model: SAGpool with shape: 64,16,3, depth: 3, compression rate: 0.36, learning rate: 0.01
Running model: MIAGAE with shape: 13,13,13, depth: 3, compression rate: 0.35, learning rate: 0.001
Running model: MIAGAE with shape: 13,13,13, depth: 3, compression rate: 0.35, learning rate: 0.01
Running model: MIAGAE with shape: 13,13,13, depth: 3, compression rate: 0.36, learning rate: 0.001
Running model: MIAGAE with shape: 13,13,13, depth: 3, compression rate: 0.36, learning rate: 0.01
Running model: MIAGAE with shape: 13,6,3, depth: 3, compression rate: 0.35, learning rate: 0.001
Running model: MIAGAE with shape: 13,6,3, depth: 3, compression rate: 0.35, learning rate: 0.01
Running model: MIAGAE with shape: 13,6,3, depth: 3, compression rate: 0.36, learning rate: 0.001
Running model: MIAGAE with shape: 13,6,3, depth: 3, compression rate: 0.36, learning rate: 0.01
Running model: MIAGAE with shape: 16,8,3, depth: 3, compression rate: 0.35, learning rate: 0.001
Running model: MIAGAE with shape: 16,8,3, depth: 3, compression rate: 0.35, learning rate: 0.01
Running model: MIAGAE with shape: 16,8,3, depth: 3, compression rate: 0.36, learning rate: 0.001
Running model: MIAGAE with shape: 16,8,3, depth: 3, compression rate: 0.36, learning rate: 0.01
Running model: MIAGAE with shape: 32,8,3, depth: 3, compression rate: 0.35, learning rate: 0.001
Running model: MIAGAE with shape: 32,8,3, depth: 3, compression rate: 0.35, learning rate: 0.01
Running model: MIAGAE with shape: 32,8,3, depth: 3, compression rate: 0.36, learning rate: 0.001
Running model: MIAGAE with shape: 32,8,3, depth: 3, compression rate: 0.36, learning rate: 0.01
Running model: MIAGAE with shape: 64,16,3, depth: 3, compression rate: 0.35, learning rate: 0.001
Running model: MIAGAE with shape: 64,16,3, depth: 3, compression rate: 0.35, learning rate: 0.01
Running model: MIAGAE with shape: 64,16,3, depth: 3, compression rate: 0.36, learning rate: 0.001
Running model: MIAGAE with shape: 64,16,3, depth: 3, compression rate: 0.36, learning rate: 0.01
Running model: SAGpool with shape: 13,13,13, depth: 3, compression rate: 0.35, learning rate: 0.001
Running model: SAGpool with shape: 13,13,13, depth: 3, compression rate: 0.35, learning rate: 0.01
Running model: SAGpool with shape: 13,13,13, depth: 3, compression rate: 0.36, learning rate: 0.001
Running model: SAGpool with shape: 13,13,13, depth: 3, compression rate: 0.36, learning rate: 0.01
Running model: SAGpool with shape: 13,6,3, depth: 3, compression rate: 0.35, learning rate: 0.001
Running model: SAGpool with shape: 13,6,3, depth: 3, compression rate: 0.35, learning rate: 0.01
Running model: SAGpool with shape: 13,6,3, depth: 3, compression rate: 0.36, learning rate: 0.001
Running model: SAGpool with shape: 13,6,3, depth: 3, compression rate: 0.36, learning rate: 0.01
Running model: SAGpool with shape: 16,8,3, depth: 3, compression rate: 0.35, learning rate: 0.001
Running model: SAGpool with shape: 16,8,3, depth: 3, compression rate: 0.35, learning rate: 0.01
Running model: SAGpool with shape: 16,8,3, depth: 3, compression rate: 0.36, learning rate: 0.001
Running model: SAGpool with shape: 16,8,3, depth: 3, compression rate: 0.36, learning rate: 0.01
Running model: SAGpool with shape: 32,8,3, depth: 3, compression rate: 0.35, learning rate: 0.001
Running model: SAGpool with shape: 32,8,3, depth: 3, compression rate: 0.35, learning rate: 0.01
Running model: SAGpool with shape: 32,8,3, depth: 3, compression rate: 0.36, learning rate: 0.001
Running model: SAGpool with shape: 32,8,3, depth: 3, compression rate: 0.36, learning rate: 0.01
Running model: SAGpool with shape: 64,16,3, depth: 3, compression rate: 0.35, learning rate: 0.001
Running model: SAGpool with shape: 64,16,3, depth: 3, compression rate: 0.35, learning rate: 0.01
Running model: SAGpool with shape: 64,16,3, depth: 3, compression rate: 0.36, learning rate: 0.001
Running model: SAGpool with shape: 64,16,3, depth: 3, compression rate: 0.36, learning rate: 0.01
Running model: SAGpool with shape: 16,8,3, depth: 3, compression rate: 0.35, learning rate: 0.001
Running model: SAGpool with shape: 16,8,3, depth: 3, compression rate: 0.35, learning rate: 0.01
Running model: SAGpool with shape: 16,8,3, depth: 3, compression rate: 0.36, learning rate: 0.001
Running model: SAGpool with shape: 16,8,3, depth: 3, compression rate: 0.36, learning rate: 0.01
Running model: SAGpool with shape: 32,8,3, depth: 3, compression rate: 0.35, learning rate: 0.001
Running model: SAGpool with shape: 32,8,3, depth: 3, compression rate: 0.35, learning rate: 0.01
Running model: SAGpool with shape: 32,8,3, depth: 3, compression rate: 0.36, learning rate: 0.001
Running model: SAGpool with shape: 32,8,3, depth: 3, compression rate: 0.36, learning rate: 0.01
Running model: SAGpool with shape: 64,16,3, depth: 3, compression rate: 0.35, learning rate: 0.001
Running model: SAGpool with shape: 64,16,3, depth: 3, compression rate: 0.35, learning rate: 0.01
Running model: SAGpool with shape: 64,16,3, depth: 3, compression rate: 0.36, learning rate: 0.001
Running model: SAGpool with shape: 64,16,3, depth: 3, compression rate: 0.36, learning rate: 0.01
